#
# There is insufficient memory for the Java Runtime Environment to continue.
# Native memory allocation (malloc) failed to allocate 1048576 bytes for AllocateHeap
# Possible reasons:
#   The system is out of physical RAM or swap space
#   In 32 bit mode, the process size limit was hit
# Possible solutions:
#   Reduce memory load on the system
#   Increase physical memory or swap space
#   Check if swap backing store is full
#   Use 64 bit Java on a 64 bit OS
#   Decrease Java heap size (-Xmx/-Xms)
#   Decrease number of Java threads
#   Decrease Java thread stack sizes (-Xss)
#   Set larger code cache with -XX:ReservedCodeCacheSize=
# This output file may be truncated or incomplete.
#
#  Out of Memory Error (memory/allocation.inline.hpp:61), pid=7820, tid=7068
#
# JRE version:  (8.0_60-b27) (build )
# Java VM: Java HotSpot(TM) 64-Bit Server VM (25.60-b23 mixed mode windows-amd64 compressed oops)
# Failed to write core dump. Minidumps are not enabled by default on client versions of Windows
#

---------------  T H R E A D  ---------------

Current thread (0x0000000001231000):  JavaThread "Unknown thread" [_thread_in_vm, id=7068, stack(0x0000000001130000,0x0000000001230000)]

Stack: [0x0000000001130000,0x0000000001230000]
[error occurred during error reporting (printing stack bounds), id 0xc0000005]

Native frames: (J=compiled Java code, j=interpreted, Vv=VM code, C=native code)


---------------  P R O C E S S  ---------------

Java Threads: ( => current thread )

Other Threads:

=>0x0000000001231000 (exited) JavaThread "Unknown thread" [_thread_in_vm, id=7068, stack(0x0000000001130000,0x0000000001230000)]

VM state:not at safepoint (normal execution)

VM Mutex/Monitor currently owned by a thread: None

Heap:
 PSYoungGen      total 38400K, used 665K [0x00000000eab00000, 0x00000000ed580000, 0x0000000100000000)
  eden space 33280K, 2% used [0x00000000eab00000,0x00000000eaba6670,0x00000000ecb80000)
  from space 5120K, 0% used [0x00000000ed080000,0x00000000ed080000,0x00000000ed580000)
  to   space 5120K, 0% used [0x00000000ecb80000,0x00000000ecb80000,0x00000000ed080000)
 ParOldGen       total 87552K, used 0K [0x00000000c0000000, 0x00000000c5580000, 0x00000000eab00000)
  object space 87552K, 0% used [0x00000000c0000000,0x00000000c0000000,0x00000000c5580000)
 Metaspace       used 767K, capacity 4480K, committed 4480K, reserved 1056768K
  class space    used 75K, capacity 384K, committed 384K, reserved 1048576K

Card table byte_map: [0x00000000016f0000,0x0000000001900000] byte_map_base: 0x00000000010f0000

Marking Bits: (ParMarkBitMap*) 0x00000000767ea5b0
 Begin Bits: [0x0000000012700000, 0x0000000013700000)
 End Bits:   [0x0000000013700000, 0x0000000014700000)

Polling page: 0x0000000000ba0000

CodeCache: size=245760Kb used=328Kb max_used=328Kb free=245431Kb
 bounds [0x0000000003400000, 0x0000000003670000, 0x0000000012400000]
 total_blobs=57 nmethods=0 adapters=37
 compilation: enabled

Compilation events (0 events):
No events

GC Heap History (0 events):
No events

Deoptimization events (0 events):
No events

Internal exceptions (0 events):
No events

Events (10 events):
Event: 0.018 loading class java/lang/Short
Event: 0.018 loading class java/lang/Short done
Event: 0.018 loading class java/lang/Integer
Event: 0.018 loading class java/lang/Integer done
Event: 0.018 loading class java/lang/Long
Event: 0.018 loading class java/lang/Long done
Event: 0.019 loading class java/lang/NullPointerException
Event: 0.019 loading class java/lang/NullPointerException done
Event: 0.019 loading class java/lang/ArithmeticException
Event: 0.019 loading class java/lang/ArithmeticException done


Dynamic libraries:
0x00007ff6153f0000 - 0x00007ff615427000 	C:\Program Files\Java\jdk1.8.0_60\bin\java.exe
0x00007fff24920000 - 0x00007fff24acd000 	C:\Windows\SYSTEM32\ntdll.dll
0x00007fff24160000 - 0x00007fff2429e000 	C:\Windows\system32\KERNEL32.DLL
0x00007fff21b40000 - 0x00007fff21c55000 	C:\Windows\system32\KERNELBASE.dll
0x00007fff20610000 - 0x00007fff2069e000 	C:\Windows\system32\apphelp.dll
0x00007fff11e70000 - 0x00007fff11ec3000 	C:\Windows\AppPatch\AppPatch64\AcGenral.DLL
0x00007fff221d0000 - 0x00007fff2227a000 	C:\Windows\system32\msvcrt.dll
0x00007fff218a0000 - 0x00007fff218ce000 	C:\Windows\SYSTEM32\SspiCli.dll
0x00007fff23f00000 - 0x00007fff23f54000 	C:\Windows\system32\SHLWAPI.dll
0x00007fff23f60000 - 0x00007fff240d7000 	C:\Windows\system32\USER32.dll
0x00007fff22530000 - 0x00007fff226c4000 	C:\Windows\system32\ole32.dll
0x00007fff22810000 - 0x00007fff23d3b000 	C:\Windows\system32\SHELL32.dll
0x00007fff21070000 - 0x00007fff21091000 	C:\Windows\SYSTEM32\USERENV.dll
0x00007fff22120000 - 0x00007fff221ca000 	C:\Windows\system32\ADVAPI32.dll
0x00007fff16700000 - 0x00007fff1671e000 	C:\Windows\SYSTEM32\MPR.dll
0x00007fff23d40000 - 0x00007fff23e81000 	C:\Windows\system32\RPCRT4.dll
0x00007fff240e0000 - 0x00007fff24139000 	C:\Windows\SYSTEM32\sechost.dll
0x00007fff242a0000 - 0x00007fff244b1000 	C:\Windows\SYSTEM32\combase.dll
0x00007fff22280000 - 0x00007fff223d0000 	C:\Windows\system32\GDI32.dll
0x00007fff21a70000 - 0x00007fff21a85000 	C:\Windows\SYSTEM32\profapi.dll
0x00007fff1fde0000 - 0x00007fff1fe92000 	C:\Windows\SYSTEM32\SHCORE.dll
0x00007fff22000000 - 0x00007fff22036000 	C:\Windows\system32\IMM32.DLL
0x00007fff223d0000 - 0x00007fff22522000 	C:\Windows\system32\MSCTF.dll
0x00007fff1f2d0000 - 0x00007fff1f54b000 	C:\Windows\WinSxS\amd64_microsoft.windows.common-controls_6595b64144ccf1df_6.0.9600.18006_none_623f33d3ecbe86e8\COMCTL32.dll
0x00000000752b0000 - 0x0000000075382000 	C:\Program Files\Java\jdk1.8.0_60\jre\bin\msvcr100.dll
0x0000000075fe0000 - 0x0000000076869000 	C:\Program Files\Java\jdk1.8.0_60\jre\bin\server\jvm.dll
0x00007fff1dec0000 - 0x00007fff1dec9000 	C:\Windows\SYSTEM32\WSOCK32.dll
0x00007fff1f5d0000 - 0x00007fff1f5f2000 	C:\Windows\SYSTEM32\WINMM.dll
0x00007fff1f600000 - 0x00007fff1f60a000 	C:\Windows\SYSTEM32\VERSION.dll
0x00007fff23e90000 - 0x00007fff23e97000 	C:\Windows\system32\PSAPI.DLL
0x00007fff23ea0000 - 0x00007fff23efa000 	C:\Windows\system32\WS2_32.dll
0x00007fff1f2a0000 - 0x00007fff1f2ca000 	C:\Windows\SYSTEM32\WINMMBASE.dll
0x00007fff22040000 - 0x00007fff22049000 	C:\Windows\system32\NSI.dll
0x00007fff21d10000 - 0x00007fff21d5f000 	C:\Windows\SYSTEM32\cfgmgr32.dll
0x00007fff20860000 - 0x00007fff20888000 	C:\Windows\SYSTEM32\DEVOBJ.dll
0x0000000075fd0000 - 0x0000000075fdf000 	C:\Program Files\Java\jdk1.8.0_60\jre\bin\verify.dll
0x0000000075fa0000 - 0x0000000075fc9000 	C:\Program Files\Java\jdk1.8.0_60\jre\bin\java.dll
0x0000000075f80000 - 0x0000000075f96000 	C:\Program Files\Java\jdk1.8.0_60\jre\bin\zip.dll

VM Arguments:
jvm_args: -Djava.awt.headless=true -Xmx1024M -Dfile.encoding=windows-1252 -Duser.country=DE -Duser.language=de -Duser.variant 
java_command: com.android.dx.command.Main --dex --num-threads=4 --output C:\dev\AndroidStudioProjects\Genie\app\build\intermediates\pre-dexed\debug\debug_a5bbc477eff7ce4c5a969b4a9fbe5398d788c78c.jar C:\dev\AndroidStudioProjects\Genie\app\build\intermediates\classes\debug
java_class_path (initial): C:\dev\AndroidSDK\build-tools\23.0.2\lib\dx.jar
Launcher Type: SUN_STANDARD

Environment Variables:
PATH=C:\ProgramData\Oracle\Java\javapath;C:\Program Files (x86)\Intel\iCLS Client\;C:\Program Files\Intel\iCLS Client\;C:\Windows\system32;C:\Windows;C:\Windows\System32\Wbem;C:\Windows\System32\WindowsPowerShell\v1.0\;C:\Program Files (x86)\ATI Technologies\ATI.ACE\Core-Static;C:\Program Files\Intel\Intel(R) Management Engine Components\DAL;C:\Program Files\Intel\Intel(R) Management Engine Components\IPT;C:\Program Files (x86)\Intel\Intel(R) Management Engine Components\DAL;C:\Program Files (x86)\Intel\Intel(R) Management Engine Components\IPT;C:\Program Files (x86)\Windows Kits\8.1\Windows Performance Toolkit\;C:\Program Files\Microsoft SQL Server\110\Tools\Binn\;C:\Program Files (x86)\Microsoft SDKs\TypeScript\1.0\;C:\Program Files\MiKTeX 2.9\miktex\bin\x64\;C:\Program Files (x86)\AMD\ATI.ACE\Core-Static;C:\Program Files (x86)\Skype\Phone\;C:\Users\Patrick\AppData\Local\Programs\Python\Launcher\;C:\dev\python
USERNAME=Patrick
OS=Windows_NT
PROCESSOR_IDENTIFIER=Intel64 Family 6 Model 60 Stepping 3, GenuineIntel



---------------  S Y S T E M  ---------------

OS: Windows 8.1 , 64 bit Build 9600 (6.3.9600.17415)

CPU:total 8 (4 cores per cpu, 2 threads per core) family 6 model 60 stepping 3, cmov, cx8, fxsr, mmx, sse, sse2, sse3, ssse3, sse4.1, sse4.2, popcnt, avx, avx2, aes, clmul, erms, lzcnt, ht, tsc, tscinvbit, bmi1, bmi2

Memory: 4k page, physical 8305708k(1218972k free), swap 9329708k(5928k free)

vm_info: Java HotSpot(TM) 64-Bit Server VM (25.60-b23) for windows-amd64 JRE (1.8.0_60-b27), built on Aug  4 2015 11:06:27 by "java_re" with MS VC++ 10.0 (VS2010)

time: Sun Feb 28 21:52:43 2016
elapsed time: 0 seconds (0d 0h 0m 0s)

