#
# There is insufficient memory for the Java Runtime Environment to continue.
# Native memory allocation (malloc) failed to allocate 453616 bytes for Chunk::new
# Possible reasons:
#   The system is out of physical RAM or swap space
#   In 32 bit mode, the process size limit was hit
# Possible solutions:
#   Reduce memory load on the system
#   Increase physical memory or swap space
#   Check if swap backing store is full
#   Use 64 bit Java on a 64 bit OS
#   Decrease Java heap size (-Xmx/-Xms)
#   Decrease number of Java threads
#   Decrease Java thread stack sizes (-Xss)
#   Set larger code cache with -XX:ReservedCodeCacheSize=
# This output file may be truncated or incomplete.
#
#  Out of Memory Error (allocation.cpp:390), pid=4440, tid=7124
#
# JRE version: Java(TM) SE Runtime Environment (8.0_60-b27) (build 1.8.0_60-b27)
# Java VM: Java HotSpot(TM) 64-Bit Server VM (25.60-b23 mixed mode windows-amd64 compressed oops)
# Failed to write core dump. Minidumps are not enabled by default on client versions of Windows
#

---------------  T H R E A D  ---------------

Current thread (0x00000000170c8800):  JavaThread "C2 CompilerThread1" daemon [_thread_in_native, id=7124, stack(0x00000000177a0000,0x00000000178a0000)]

Stack: [0x00000000177a0000,0x00000000178a0000]
[error occurred during error reporting (printing stack bounds), id 0xc0000005]

Native frames: (J=compiled Java code, j=interpreted, Vv=VM code, C=native code)


Current CompileTask:
C2:    571 1112   !   4       com.android.dx.cf.code.BytecodeArray::parseInstruction (2764 bytes)


---------------  P R O C E S S  ---------------

Java Threads: ( => current thread )
  0x00000000170cf000 JavaThread "Service Thread" daemon [_thread_blocked, id=7688, stack(0x0000000017aa0000,0x0000000017ba0000)]
  0x00000000170e2000 JavaThread "C1 CompilerThread3" daemon [_thread_in_native, id=4108, stack(0x00000000179a0000,0x0000000017aa0000)]
  0x00000000170cb000 JavaThread "C2 CompilerThread2" daemon [_thread_in_native, id=5564, stack(0x00000000178a0000,0x00000000179a0000)]
=>0x00000000170c8800 JavaThread "C2 CompilerThread1" daemon [_thread_in_native, id=7124, stack(0x00000000177a0000,0x00000000178a0000)]
  0x00000000170d3800 JavaThread "C2 CompilerThread0" daemon [_thread_in_native, id=6740, stack(0x00000000176a0000,0x00000000177a0000)]
  0x00000000170d2000 JavaThread "Attach Listener" daemon [_thread_blocked, id=5876, stack(0x00000000175a0000,0x00000000176a0000)]
  0x00000000170d1000 JavaThread "Signal Dispatcher" daemon [_thread_blocked, id=4240, stack(0x00000000174a0000,0x00000000175a0000)]
  0x000000000226a000 JavaThread "Finalizer" daemon [_thread_blocked, id=3708, stack(0x0000000016c60000,0x0000000016d60000)]
  0x0000000014d8d800 JavaThread "Reference Handler" daemon [_thread_blocked, id=7440, stack(0x0000000016b60000,0x0000000016c60000)]
  0x0000000002171000 JavaThread "main" [_thread_in_Java, id=8048, stack(0x0000000002000000,0x0000000002100000)]

Other Threads:
  0x0000000014d88800 VMThread [stack: 0x0000000016a60000,0x0000000016b60000] [id=1704]
  0x0000000017105800 WatcherThread [stack: 0x0000000017ba0000,0x0000000017ca0000] [id=6864]

VM state:not at safepoint (normal execution)

VM Mutex/Monitor currently owned by a thread: None

Heap:
 PSYoungGen      total 38400K, used 19044K [0x00000000eab00000, 0x00000000ef600000, 0x0000000100000000)
  eden space 33280K, 41% used [0x00000000eab00000,0x00000000eb89a290,0x00000000ecb80000)
  from space 5120K, 99% used [0x00000000ecb80000,0x00000000ed07ede8,0x00000000ed080000)
  to   space 5120K, 0% used [0x00000000ef100000,0x00000000ef100000,0x00000000ef600000)
 ParOldGen       total 87552K, used 2557K [0x00000000c0000000, 0x00000000c5580000, 0x00000000eab00000)
  object space 87552K, 2% used [0x00000000c0000000,0x00000000c027f7f0,0x00000000c5580000)
 Metaspace       used 6134K, capacity 7152K, committed 7296K, reserved 1056768K
  class space    used 602K, capacity 616K, committed 640K, reserved 1048576K

Card table byte_map: [0x0000000011630000,0x0000000011840000] byte_map_base: 0x0000000011030000

Marking Bits: (ParMarkBitMap*) 0x00000000767ea5b0
 Begin Bits: [0x00000000121a0000, 0x00000000131a0000)
 End Bits:   [0x00000000131a0000, 0x00000000141a0000)

Polling page: 0x00000000006f0000

CodeCache: size=245760Kb used=5332Kb max_used=5336Kb free=240427Kb
 bounds [0x0000000002270000, 0x00000000027b0000, 0x0000000011270000]
 total_blobs=1731 nmethods=1468 adapters=176
 compilation: enabled

Compilation events (10 events):
Event: 0.568 Thread 0x00000000170e2000 1476       2       com.android.dx.rop.cst.CstLiteral32::getLongBits (6 bytes)
Event: 0.568 Thread 0x00000000170e2000 nmethod 1476 0x0000000002795710 code [0x0000000002795860, 0x00000000027959b0]
Event: 0.568 Thread 0x00000000170e2000 1470       2       com.android.dx.dex.file.TypeIdsSection::indexOf (23 bytes)
Event: 0.568 Thread 0x00000000170e2000 nmethod 1470 0x0000000002795250 code [0x00000000027953c0, 0x00000000027955d8]
Event: 0.568 Thread 0x00000000170e2000 1471       2       com.android.dx.dex.file.TypeIdsSection::indexOf (66 bytes)
Event: 0.569 Thread 0x00000000170d3800 nmethod 1310 0x0000000002793a90 code [0x0000000002793bc0, 0x0000000002793c78]
Event: 0.569 Thread 0x00000000170d3800 1418       4       com.android.dx.dex.code.OutputFinisher::findOpcodeForInsn (51 bytes)
Event: 0.569 Thread 0x00000000170e2000 nmethod 1471 0x0000000002794490 code [0x0000000002794680, 0x0000000002794d58]
Event: 0.569 Thread 0x00000000170e2000 1480       1       com.android.dx.dex.file.EncodedMember::getAccessFlags (5 bytes)
Event: 0.569 Thread 0x00000000170e2000 nmethod 1480 0x00000000027941d0 code [0x0000000002794320, 0x0000000002794430]

GC Heap History (2 events):
Event: 0.429 GC heap before
{Heap before GC invocations=1 (full 0):
 PSYoungGen      total 38400K, used 33280K [0x00000000eab00000, 0x00000000ed580000, 0x0000000100000000)
  eden space 33280K, 100% used [0x00000000eab00000,0x00000000ecb80000,0x00000000ecb80000)
  from space 5120K, 0% used [0x00000000ed080000,0x00000000ed080000,0x00000000ed580000)
  to   space 5120K, 0% used [0x00000000ecb80000,0x00000000ecb80000,0x00000000ed080000)
 ParOldGen       total 87552K, used 0K [0x00000000c0000000, 0x00000000c5580000, 0x00000000eab00000)
  object space 87552K, 0% used [0x00000000c0000000,0x00000000c0000000,0x00000000c5580000)
 Metaspace       used 5711K, capacity 6832K, committed 7040K, reserved 1056768K
  class space    used 581K, capacity 616K, committed 640K, reserved 1048576K
Event: 0.434 GC heap after
Heap after GC invocations=1 (full 0):
 PSYoungGen      total 38400K, used 5115K [0x00000000eab00000, 0x00000000ef600000, 0x0000000100000000)
  eden space 33280K, 0% used [0x00000000eab00000,0x00000000eab00000,0x00000000ecb80000)
  from space 5120K, 99% used [0x00000000ecb80000,0x00000000ed07ede8,0x00000000ed080000)
  to   space 5120K, 0% used [0x00000000ef100000,0x00000000ef100000,0x00000000ef600000)
 ParOldGen       total 87552K, used 2557K [0x00000000c0000000, 0x00000000c5580000, 0x00000000eab00000)
  object space 87552K, 2% used [0x00000000c0000000,0x00000000c027f7f0,0x00000000c5580000)
 Metaspace       used 5711K, capacity 6832K, committed 7040K, reserved 1056768K
  class space    used 581K, capacity 616K, committed 640K, reserved 1048576K
}

Deoptimization events (10 events):
Event: 0.493 Thread 0x0000000002171000 Uncommon trap: reason=bimorphic action=maybe_recompile pc=0x0000000002498d70 method=java.util.HashMap.getNode(ILjava/lang/Object;)Ljava/util/HashMap$Node; @ 126
Event: 0.528 Thread 0x0000000002171000 Uncommon trap: reason=speculate_class_check action=maybe_recompile pc=0x00000000026afb3c method=com.android.dx.util.FixedSizeList.equals(Ljava/lang/Object;)Z @ 25
Event: 0.528 Thread 0x0000000002171000 Uncommon trap: reason=class_check action=maybe_recompile pc=0x000000000266048c method=java.util.Arrays.equals([Ljava/lang/Object;[Ljava/lang/Object;)Z @ 62
Event: 0.528 Thread 0x0000000002171000 Uncommon trap: reason=speculate_class_check action=maybe_recompile pc=0x00000000026afb3c method=com.android.dx.util.FixedSizeList.equals(Ljava/lang/Object;)Z @ 25
Event: 0.528 Thread 0x0000000002171000 Uncommon trap: reason=class_check action=maybe_recompile pc=0x000000000266048c method=java.util.Arrays.equals([Ljava/lang/Object;[Ljava/lang/Object;)Z @ 62
Event: 0.528 Thread 0x0000000002171000 Uncommon trap: reason=speculate_class_check action=maybe_recompile pc=0x00000000026afb3c method=com.android.dx.util.FixedSizeList.equals(Ljava/lang/Object;)Z @ 25
Event: 0.528 Thread 0x0000000002171000 Uncommon trap: reason=class_check action=maybe_recompile pc=0x000000000266048c method=java.util.Arrays.equals([Ljava/lang/Object;[Ljava/lang/Object;)Z @ 62
Event: 0.528 Thread 0x0000000002171000 Uncommon trap: reason=speculate_class_check action=maybe_recompile pc=0x00000000026afb3c method=com.android.dx.util.FixedSizeList.equals(Ljava/lang/Object;)Z @ 25
Event: 0.528 Thread 0x0000000002171000 Uncommon trap: reason=class_check action=maybe_recompile pc=0x000000000266048c method=java.util.Arrays.equals([Ljava/lang/Object;[Ljava/lang/Object;)Z @ 62
Event: 0.543 Thread 0x0000000002171000 Uncommon trap: reason=unstable_if action=reinterpret pc=0x000000000245bf38 method=java.util.TreeMap.put(Ljava/lang/Object;Ljava/lang/Object;)Ljava/lang/Object; @ 163

Internal exceptions (3 events):
Event: 0.022 Thread 0x0000000002171000 Exception <a 'java/lang/NoSuchMethodError': Method sun.misc.Unsafe.defineClass(Ljava/lang/String;[BII)Ljava/lang/Class; name or signature does not match> (0x00000000eab0d730) thrown at [C:\re\workspace\8-2-build-windows-amd64-cygwin\jdk8u60\4407\hotspot\srŒ`K£yèñ?
Event: 0.022 Thread 0x0000000002171000 Exception <a 'java/lang/NoSuchMethodError': Method sun.misc.Unsafe.prefetchRead(Ljava/lang/Object;J)V name or signature does not match> (0x00000000eab0da18) thrown at [C:\re\workspace\8-2-build-windows-amd64-cygwin\jdk8u60\4407\hotspot\src\share\vm\prims\j¬œÙû2-€?
Event: 0.425 Thread 0x0000000017333800 Implicit null exception at 0x00000000025d08e2 to 0x00000000025d09da

Events (10 events):
Event: 0.554 Thread 0x0000000002171000 DEOPT PACKING pc=0x00000000027532ee sp=0x00000000020fef50
Event: 0.554 Thread 0x0000000002171000 DEOPT UNPACKING pc=0x00000000022b787f sp=0x00000000020fed00 mode 0
Event: 0.559 loading class com/android/dx/dex/file/DebugInfoEncoder
Event: 0.559 loading class com/android/dx/dex/file/DebugInfoEncoder done
Event: 0.560 loading class com/android/dx/dex/file/DebugInfoEncoder$1
Event: 0.560 loading class com/android/dx/dex/file/DebugInfoEncoder$1 done
Event: 0.560 loading class com/android/dx/dex/file/DebugInfoEncoder$2
Event: 0.560 loading class com/android/dx/dex/file/DebugInfoEncoder$2 done
Event: 0.566 loading class com/android/dex/EncodedValueCodec
Event: 0.566 loading class com/android/dex/EncodedValueCodec done


Dynamic libraries:
0x00007ff6153f0000 - 0x00007ff615427000 	C:\Program Files\Java\jdk1.8.0_60\bin\java.exe
0x00007fff24920000 - 0x00007fff24acd000 	C:\Windows\SYSTEM32\ntdll.dll
0x00007fff24160000 - 0x00007fff2429e000 	C:\Windows\system32\KERNEL32.DLL
0x00007fff21b40000 - 0x00007fff21c55000 	C:\Windows\system32\KERNELBASE.dll
0x00007fff20610000 - 0x00007fff2069e000 	C:\Windows\system32\apphelp.dll
0x00007fff11e70000 - 0x00007fff11ec3000 	C:\Windows\AppPatch\AppPatch64\AcGenral.DLL
0x00007fff221d0000 - 0x00007fff2227a000 	C:\Windows\system32\msvcrt.dll
0x00007fff218a0000 - 0x00007fff218ce000 	C:\Windows\SYSTEM32\SspiCli.dll
0x00007fff23f00000 - 0x00007fff23f54000 	C:\Windows\system32\SHLWAPI.dll
0x00007fff23f60000 - 0x00007fff240d7000 	C:\Windows\system32\USER32.dll
0x00007fff22530000 - 0x00007fff226c4000 	C:\Windows\system32\ole32.dll
0x00007fff22810000 - 0x00007fff23d3b000 	C:\Windows\system32\SHELL32.dll
0x00007fff21070000 - 0x00007fff21091000 	C:\Windows\SYSTEM32\USERENV.dll
0x00007fff22120000 - 0x00007fff221ca000 	C:\Windows\system32\ADVAPI32.dll
0x00007fff16700000 - 0x00007fff1671e000 	C:\Windows\SYSTEM32\MPR.dll
0x00007fff23d40000 - 0x00007fff23e81000 	C:\Windows\system32\RPCRT4.dll
0x00007fff240e0000 - 0x00007fff24139000 	C:\Windows\SYSTEM32\sechost.dll
0x00007fff242a0000 - 0x00007fff244b1000 	C:\Windows\SYSTEM32\combase.dll
0x00007fff22280000 - 0x00007fff223d0000 	C:\Windows\system32\GDI32.dll
0x00007fff21a70000 - 0x00007fff21a85000 	C:\Windows\SYSTEM32\profapi.dll
0x00007fff1fde0000 - 0x00007fff1fe92000 	C:\Windows\SYSTEM32\SHCORE.dll
0x00007fff22000000 - 0x00007fff22036000 	C:\Windows\system32\IMM32.DLL
0x00007fff223d0000 - 0x00007fff22522000 	C:\Windows\system32\MSCTF.dll
0x00007fff1f2d0000 - 0x00007fff1f54b000 	C:\Windows\WinSxS\amd64_microsoft.windows.common-controls_6595b64144ccf1df_6.0.9600.18006_none_623f33d3ecbe86e8\COMCTL32.dll
0x00000000752b0000 - 0x0000000075382000 	C:\Program Files\Java\jdk1.8.0_60\jre\bin\msvcr100.dll
0x0000000075fe0000 - 0x0000000076869000 	C:\Program Files\Java\jdk1.8.0_60\jre\bin\server\jvm.dll
0x00007fff1dec0000 - 0x00007fff1dec9000 	C:\Windows\SYSTEM32\WSOCK32.dll
0x00007fff1f5d0000 - 0x00007fff1f5f2000 	C:\Windows\SYSTEM32\WINMM.dll
0x00007fff1f600000 - 0x00007fff1f60a000 	C:\Windows\SYSTEM32\VERSION.dll
0x00007fff23e90000 - 0x00007fff23e97000 	C:\Windows\system32\PSAPI.DLL
0x00007fff23ea0000 - 0x00007fff23efa000 	C:\Windows\system32\WS2_32.dll
0x00007fff1f2a0000 - 0x00007fff1f2ca000 	C:\Windows\SYSTEM32\WINMMBASE.dll
0x00007fff22040000 - 0x00007fff22049000 	C:\Windows\system32\NSI.dll
0x00007fff21d10000 - 0x00007fff21d5f000 	C:\Windows\SYSTEM32\cfgmgr32.dll
0x00007fff20860000 - 0x00007fff20888000 	C:\Windows\SYSTEM32\DEVOBJ.dll
0x0000000075fd0000 - 0x0000000075fdf000 	C:\Program Files\Java\jdk1.8.0_60\jre\bin\verify.dll
0x0000000075fa0000 - 0x0000000075fc9000 	C:\Program Files\Java\jdk1.8.0_60\jre\bin\java.dll
0x0000000075f80000 - 0x0000000075f96000 	C:\Program Files\Java\jdk1.8.0_60\jre\bin\zip.dll

VM Arguments:
jvm_args: -Djava.awt.headless=true -Xmx1024M -Dfile.encoding=windows-1252 -Duser.country=DE -Duser.language=de -Duser.variant 
java_command: com.android.dx.command.Main --dex --num-threads=4 --output C:\dev\AndroidStudioProjects\Genie\app\build\intermediates\pre-dexed\debug\debug_a5bbc477eff7ce4c5a969b4a9fbe5398d788c78c.jar C:\dev\AndroidStudioProjects\Genie\app\build\intermediates\classes\debug
java_class_path (initial): C:\dev\AndroidSDK\build-tools\23.0.2\lib\dx.jar
Launcher Type: SUN_STANDARD

Environment Variables:
PATH=C:\ProgramData\Oracle\Java\javapath;C:\Program Files (x86)\Intel\iCLS Client\;C:\Program Files\Intel\iCLS Client\;C:\Windows\system32;C:\Windows;C:\Windows\System32\Wbem;C:\Windows\System32\WindowsPowerShell\v1.0\;C:\Program Files (x86)\ATI Technologies\ATI.ACE\Core-Static;C:\Program Files\Intel\Intel(R) Management Engine Components\DAL;C:\Program Files\Intel\Intel(R) Management Engine Components\IPT;C:\Program Files (x86)\Intel\Intel(R) Management Engine Components\DAL;C:\Program Files (x86)\Intel\Intel(R) Management Engine Components\IPT;C:\Program Files (x86)\Windows Kits\8.1\Windows Performance Toolkit\;C:\Program Files\Microsoft SQL Server\110\Tools\Binn\;C:\Program Files (x86)\Microsoft SDKs\TypeScript\1.0\;C:\Program Files\MiKTeX 2.9\miktex\bin\x64\;C:\Program Files (x86)\AMD\ATI.ACE\Core-Static;C:\Program Files (x86)\Skype\Phone\;C:\Users\Patrick\AppData\Local\Programs\Python\Launcher\;C:\dev\python
USERNAME=Patrick
OS=Windows_NT
PROCESSOR_IDENTIFIER=Intel64 Family 6 Model 60 Stepping 3, GenuineIntel



---------------  S Y S T E M  ---------------

OS: Windows 8.1 , 64 bit Build 9600 (6.3.9600.17415)

CPU:total 8 (4 cores per cpu, 2 threads per core) family 6 model 60 stepping 3, cmov, cx8, fxsr, mmx, sse, sse2, sse3, ssse3, sse4.1, sse4.2, popcnt, avx, avx2, aes, clmul, erms, lzcnt, ht, tsc, tscinvbit, bmi1, bmi2

Memory: 4k page, physical 8305708k(1170336k free), swap 9329708k(9152k free)

vm_info: Java HotSpot(TM) 64-Bit Server VM (25.60-b23) for windows-amd64 JRE (1.8.0_60-b27), built on Aug  4 2015 11:06:27 by "java_re" with MS VC++ 10.0 (VS2010)

time: Sun Feb 28 21:52:25 2016
elapsed time: 0 seconds (0d 0h 0m 0s)

